Determining if the pthread_create exist failed with the following output:
Change Dir: /home/virtual/RoboCup2018RVRL_Demo/build/CMakeFiles/CMakeTmp

Run Build Command:"/usr/bin/make" "cmTC_a2062/fast"
/usr/bin/make -f CMakeFiles/cmTC_a2062.dir/build.make CMakeFiles/cmTC_a2062.dir/build
make[1]: Entering directory '/home/virtual/RoboCup2018RVRL_Demo/build/CMakeFiles/CMakeTmp'
Building C object CMakeFiles/cmTC_a2062.dir/CheckSymbolExists.c.o
/usr/bin/cc     -o CMakeFiles/cmTC_a2062.dir/CheckSymbolExists.c.o   -c /home/virtual/RoboCup2018RVRL_Demo/build/CMakeFiles/CMakeTmp/CheckSymbolExists.c
Linking C executable cmTC_a2062
/usr/bin/cmake -E cmake_link_script CMakeFiles/cmTC_a2062.dir/link.txt --verbose=1
/usr/bin/cc       CMakeFiles/cmTC_a2062.dir/CheckSymbolExists.c.o  -o cmTC_a2062 -rdynamic 
CMakeFiles/cmTC_a2062.dir/CheckSymbolExists.c.o: In function `main':
CheckSymbolExists.c:(.text+0x16): undefined reference to `pthread_create'
collect2: error: ld returned 1 exit status
CMakeFiles/cmTC_a2062.dir/build.make:97: recipe for target 'cmTC_a2062' failed
make[1]: *** [cmTC_a2062] Error 1
make[1]: Leaving directory '/home/virtual/RoboCup2018RVRL_Demo/build/CMakeFiles/CMakeTmp'
Makefile:126: recipe for target 'cmTC_a2062/fast' failed
make: *** [cmTC_a2062/fast] Error 2

File /home/virtual/RoboCup2018RVRL_Demo/build/CMakeFiles/CMakeTmp/CheckSymbolExists.c:
/* */
#include <pthread.h>

int main(int argc, char** argv)
{
  (void)argv;
#ifndef pthread_create
  return ((int*)(&pthread_create))[argc];
#else
  (void)argc;
  return 0;
#endif
}

Determining if the function pthread_create exists in the pthreads failed with the following output:
Change Dir: /home/virtual/RoboCup2018RVRL_Demo/build/CMakeFiles/CMakeTmp

Run Build Command:"/usr/bin/make" "cmTC_485f5/fast"
/usr/bin/make -f CMakeFiles/cmTC_485f5.dir/build.make CMakeFiles/cmTC_485f5.dir/build
make[1]: Entering directory '/home/virtual/RoboCup2018RVRL_Demo/build/CMakeFiles/CMakeTmp'
Building C object CMakeFiles/cmTC_485f5.dir/CheckFunctionExists.c.o
/usr/bin/cc    -DCHECK_FUNCTION_EXISTS=pthread_create   -o CMakeFiles/cmTC_485f5.dir/CheckFunctionExists.c.o   -c /usr/share/cmake-3.5/Modules/CheckFunctionExists.c
Linking C executable cmTC_485f5
/usr/bin/cmake -E cmake_link_script CMakeFiles/cmTC_485f5.dir/link.txt --verbose=1
/usr/bin/cc   -DCHECK_FUNCTION_EXISTS=pthread_create    CMakeFiles/cmTC_485f5.dir/CheckFunctionExists.c.o  -o cmTC_485f5 -rdynamic -lpthreads 
/usr/bin/ld: cannot find -lpthreads
collect2: error: ld returned 1 exit status
CMakeFiles/cmTC_485f5.dir/build.make:97: recipe for target 'cmTC_485f5' failed
make[1]: *** [cmTC_485f5] Error 1
make[1]: Leaving directory '/home/virtual/RoboCup2018RVRL_Demo/build/CMakeFiles/CMakeTmp'
Makefile:126: recipe for target 'cmTC_485f5/fast' failed
make: *** [cmTC_485f5/fast] Error 2


