Determining if the pthread_create exist failed with the following output:
Change Dir: /home/virtual/RoboCup2018RVRL_Demo/workspace/build/CMakeFiles/CMakeTmp

Run Build Command:"/usr/bin/make" "cmTC_f174d/fast"
/usr/bin/make -f CMakeFiles/cmTC_f174d.dir/build.make CMakeFiles/cmTC_f174d.dir/build
make[1]: Entering directory '/home/virtual/RoboCup2018RVRL_Demo/workspace/build/CMakeFiles/CMakeTmp'
Building C object CMakeFiles/cmTC_f174d.dir/CheckSymbolExists.c.o
/usr/bin/cc     -o CMakeFiles/cmTC_f174d.dir/CheckSymbolExists.c.o   -c /home/virtual/RoboCup2018RVRL_Demo/workspace/build/CMakeFiles/CMakeTmp/CheckSymbolExists.c
Linking C executable cmTC_f174d
/usr/bin/cmake -E cmake_link_script CMakeFiles/cmTC_f174d.dir/link.txt --verbose=1
/usr/bin/cc       CMakeFiles/cmTC_f174d.dir/CheckSymbolExists.c.o  -o cmTC_f174d -rdynamic 
CMakeFiles/cmTC_f174d.dir/CheckSymbolExists.c.o: In function `main':
CheckSymbolExists.c:(.text+0x16): undefined reference to `pthread_create'
collect2: error: ld returned 1 exit status
CMakeFiles/cmTC_f174d.dir/build.make:97: recipe for target 'cmTC_f174d' failed
make[1]: *** [cmTC_f174d] Error 1
make[1]: Leaving directory '/home/virtual/RoboCup2018RVRL_Demo/workspace/build/CMakeFiles/CMakeTmp'
Makefile:126: recipe for target 'cmTC_f174d/fast' failed
make: *** [cmTC_f174d/fast] Error 2

File /home/virtual/RoboCup2018RVRL_Demo/workspace/build/CMakeFiles/CMakeTmp/CheckSymbolExists.c:
/* */
#include <pthread.h>

int main(int argc, char** argv)
{
  (void)argv;
#ifndef pthread_create
  return ((int*)(&pthread_create))[argc];
#else
  (void)argc;
  return 0;
#endif
}

Determining if the function pthread_create exists in the pthreads failed with the following output:
Change Dir: /home/virtual/RoboCup2018RVRL_Demo/workspace/build/CMakeFiles/CMakeTmp

Run Build Command:"/usr/bin/make" "cmTC_097ef/fast"
/usr/bin/make -f CMakeFiles/cmTC_097ef.dir/build.make CMakeFiles/cmTC_097ef.dir/build
make[1]: Entering directory '/home/virtual/RoboCup2018RVRL_Demo/workspace/build/CMakeFiles/CMakeTmp'
Building C object CMakeFiles/cmTC_097ef.dir/CheckFunctionExists.c.o
/usr/bin/cc    -DCHECK_FUNCTION_EXISTS=pthread_create   -o CMakeFiles/cmTC_097ef.dir/CheckFunctionExists.c.o   -c /usr/share/cmake-3.5/Modules/CheckFunctionExists.c
Linking C executable cmTC_097ef
/usr/bin/cmake -E cmake_link_script CMakeFiles/cmTC_097ef.dir/link.txt --verbose=1
/usr/bin/cc   -DCHECK_FUNCTION_EXISTS=pthread_create    CMakeFiles/cmTC_097ef.dir/CheckFunctionExists.c.o  -o cmTC_097ef -rdynamic -lpthreads 
/usr/bin/ld: cannot find -lpthreads
collect2: error: ld returned 1 exit status
CMakeFiles/cmTC_097ef.dir/build.make:97: recipe for target 'cmTC_097ef' failed
make[1]: *** [cmTC_097ef] Error 1
make[1]: Leaving directory '/home/virtual/RoboCup2018RVRL_Demo/workspace/build/CMakeFiles/CMakeTmp'
Makefile:126: recipe for target 'cmTC_097ef/fast' failed
make: *** [cmTC_097ef/fast] Error 2


